<?xml version="1.0" encoding="UTF-8"?>
<!-- Generated by org.testng.reporters.JUnitReportReporter -->
<testsuite hostname="LAPTOP-4517H9PO" name="com.sprint2_implementation.amazon" tests="1" failures="0" timestamp="2 Dec 2020 09:17:43 GMT" time="11.824" errors="0">
  <testcase name="login" time="11.824" classname="com.sprint2_implementation.amazon"/>
</testsuite> <!-- com.sprint2_implementation.amazon -->
