<?xml version="1.0" encoding="UTF-8"?>
<!-- Generated by org.testng.reporters.JUnitReportReporter -->
<testsuite hostname="LAPTOP-4517H9PO" name="runners.TestRunner1" tests="2" failures="0" timestamp="8 Dec 2020 11:10:44 GMT" time="75.738" errors="0">
  <testcase name="feature" time="38.621" classname="runners.TestRunner1"/>
  <testcase name="feature" time="37.117" classname="runners.TestRunner1"/>
</testsuite> <!-- runners.TestRunner1 -->
