<?xml version="1.0" encoding="UTF-8"?>
<!-- Generated by org.testng.reporters.JUnitReportReporter -->
<testsuite hostname="LAPTOP-4517H9PO" name="runners.TestRunner1" tests="1" failures="0" timestamp="9 Dec 2020 03:11:19 GMT" time="25.376" errors="0">
  <testcase name="runScenario" time="25.376" classname="runners.TestRunner1"/>
</testsuite> <!-- runners.TestRunner1 -->
