<?xml version="1.0" encoding="UTF-8"?>
<!-- Generated by org.testng.reporters.JUnitReportReporter -->
<testsuite hostname="LAPTOP-4517H9PO" name="runners.TestRunner1" tests="1" failures="0" timestamp="8 Dec 2020 07:07:23 GMT" time="26.741" errors="0">
  <testcase name="feature" time="26.741" classname="runners.TestRunner1"/>
</testsuite> <!-- runners.TestRunner1 -->
